
SQL*Loader: Release 8.1.7.0.0 - Production on Mon Feb 5 08:25:31 2007

(c) Copyright 2000 Oracle Corporation.  All rights reserved.

Control File:   parent.LDR
Data File:      parent.csv
  Bad File:     MALOSREG.BAD
  Discard File:  none specified
 
 (Allow all discards)

Number to load: ALL
Number to skip: 0
Errors allowed: 50
Bind array:     64 rows, maximum of 65536 bytes
Continuation:    none specified
Path used:      Conventional

Table FG_MAX_PARENT, loaded from every logical record.
Insert option in effect for this table: TRUNCATE
TRAILING NULLCOLS option in effect

   Column Name                  Position   Len  Term Encl Datatype
------------------------------ ---------- ----- ---- ---- ---------------------
PARENT                              FIRST     *   ,  O(") CHARACTER            
EMPLOYEE                             NEXT     *   ,  O(") CHARACTER            


Table FG_MAX_PARENT:
  11336 Rows successfully loaded.
  0 Rows not loaded due to data errors.
  0 Rows not loaded because all WHEN clauses were failed.
  0 Rows not loaded because all fields were null.


Space allocated for bind array:                  33024 bytes(64 rows)
Space allocated for memory besides bind array:        0 bytes

Total logical records skipped:          0
Total logical records read:         11336
Total logical records rejected:         0
Total logical records discarded:        0

Run began on Mon Feb 05 08:25:31 2007
Run ended on Mon Feb 05 08:25:33 2007

Elapsed time was:     00:00:02.55
CPU time was:         00:00:00.14    
